  driverMap.cpp
E:\VS\OOPlabs\CourseWork(consoleVersion)\CourseWork(consoleVersion)\driverMap.cpp(11,21): warning C4018: '<': signed/unsigned mismatch
E:\VS\OOPlabs\CourseWork(consoleVersion)\CourseWork(consoleVersion)\driverMap.cpp(20,12): warning C4244: 'argument': conversion from 'time_t' to 'unsigned int', possible loss of data
E:\VS\OOPlabs\CourseWork(consoleVersion)\CourseWork(consoleVersion)\driverMap.cpp(21,20): warning C4018: '<': signed/unsigned mismatch
E:\VS\OOPlabs\CourseWork(consoleVersion)\CourseWork(consoleVersion)\driverMap.cpp(23,21): warning C4018: '<': signed/unsigned mismatch
C:\Program Files (x86)\Microsoft Visual Studio\2019\Community\VC\Tools\MSVC\14.23.28105\include\utility(165,1): warning C4244: 'initializing': conversion from '_Ty' to '_Ty2', possible loss of data
C:\Program Files (x86)\Microsoft Visual Studio\2019\Community\VC\Tools\MSVC\14.23.28105\include\utility(165,1): warning C4244:         with
C:\Program Files (x86)\Microsoft Visual Studio\2019\Community\VC\Tools\MSVC\14.23.28105\include\utility(165,1): warning C4244:         [
C:\Program Files (x86)\Microsoft Visual Studio\2019\Community\VC\Tools\MSVC\14.23.28105\include\utility(165,1): warning C4244:             _Ty=int
C:\Program Files (x86)\Microsoft Visual Studio\2019\Community\VC\Tools\MSVC\14.23.28105\include\utility(165,1): warning C4244:         ]
C:\Program Files (x86)\Microsoft Visual Studio\2019\Community\VC\Tools\MSVC\14.23.28105\include\utility(165,1): warning C4244:         and
C:\Program Files (x86)\Microsoft Visual Studio\2019\Community\VC\Tools\MSVC\14.23.28105\include\utility(165,1): warning C4244:         [
C:\Program Files (x86)\Microsoft Visual Studio\2019\Community\VC\Tools\MSVC\14.23.28105\include\utility(165,1): warning C4244:             _Ty2=float
C:\Program Files (x86)\Microsoft Visual Studio\2019\Community\VC\Tools\MSVC\14.23.28105\include\utility(165,1): warning C4244:         ]
E:\VS\OOPlabs\CourseWork(consoleVersion)\CourseWork(consoleVersion)\driverMap.cpp(13): message : see reference to function template instantiation 'std::pair<int,float>::pair<int,int,0>(std::pair<int,int> &&) noexcept' being compiled
  main.cpp
  map.cpp
  Generating Code...
E:\VS\OOPlabs\CourseWork(consoleVersion)\CourseWork(consoleVersion)\driverMap.cpp(13): message : see reference to function template instantiation 'std::pair<int,float>::pair<int,int,0>(std::pair<int,int> &&) noexcept' being compiled
  CourseWork(consoleVersion).vcxproj -> E:\VS\OOPlabs\CourseWork(consoleVersion)\Debug\CourseWork(consoleVersion).exe
